# JRE version: OpenJDK Runtime Environment (8.0_202-b03) (build 1.8.0_202-release-1483-b03)
# Java VM: OpenJDK 64-Bit Server VM (25.202-b03 mixed mode windows-amd64 compressed oops)
Heap:
 PSYoungGen      total 198144K, used 139995K [0x00000000e0000000, 0x00000000ed880000, 0x0000000100000000)
  eden space 179712K, 67% used [0x00000000e0000000,0x00000000e76bc040,0x00000000eaf80000)
  from space 18432K, 99% used [0x00000000ec580000,0x00000000ed77acc0,0x00000000ed780000)
  to   space 20992K, 0% used [0x00000000eaf80000,0x00000000eaf80000,0x00000000ec400000)
 ParOldGen       total 151040K, used 35933K [0x00000000a0000000, 0x00000000a9380000, 0x00000000e0000000)
  object space 151040K, 23% used [0x00000000a0000000,0x00000000a23176a8,0x00000000a9380000)
 Metaspace       used 70208K, capacity 73543K, committed 73728K, reserved 1114112K
  class space    used 9314K, capacity 9950K, committed 9984K, reserved 1048576K
GC Heap History (10 events):
Event: 7.771 GC heap before
{Heap before GC invocations=13 (full 2):
 PSYoungGen      total 139776K, used 139745K [0x00000000e0000000, 0x00000000e9c00000, 0x0000000100000000)
  eden space 127488K, 100% used [0x00000000e0000000,0x00000000e7c80000,0x00000000e7c80000)
  from space 12288K, 99% used [0x00000000e9000000,0x00000000e9bf8750,0x00000000e9c00000)
  to   space 13824K, 0% used [0x00000000e8100000,0x00000000e8100000,0x00000000e8e80000)
 ParOldGen       total 95744K, used 18534K [0x00000000a0000000, 0x00000000a5d80000, 0x00000000e0000000)
  object space 95744K, 19% used [0x00000000a0000000,0x00000000a1219948,0x00000000a5d80000)
 Metaspace       used 52636K, capacity 54421K, committed 54784K, reserved 1095680K
  class space    used 7172K, capacity 7560K, committed 7680K, reserved 1048576K
Event: 7.793 GC heap after
Heap after GC invocations=13 (full 2):
 PSYoungGen      total 145920K, used 13821K [0x00000000e0000000, 0x00000000ec100000, 0x0000000100000000)
  eden space 132096K, 0% used [0x00000000e0000000,0x00000000e0000000,0x00000000e8100000)
  from space 13824K, 99% used [0x00000000e8100000,0x00000000e8e7f7e8,0x00000000e8e80000)
  to   space 18432K, 0% used [0x00000000eaf00000,0x00000000eaf00000,0x00000000ec100000)
 ParOldGen       total 95744K, used 26346K [0x00000000a0000000, 0x00000000a5d80000, 0x00000000e0000000)
  object space 95744K, 27% used [0x00000000a0000000,0x00000000a19ba8c0,0x00000000a5d80000)
 Metaspace       used 52636K, capacity 54421K, committed 54784K, reserved 1095680K
  class space    used 7172K, capacity 7560K, committed 7680K, reserved 1048576K
}
Event: 8.888 GC heap before
{Heap before GC invocations=14 (full 2):
 PSYoungGen      total 145920K, used 93447K [0x00000000e0000000, 0x00000000ec100000, 0x0000000100000000)
  eden space 132096K, 60% used [0x00000000e0000000,0x00000000e4dc24f8,0x00000000e8100000)
  from space 13824K, 99% used [0x00000000e8100000,0x00000000e8e7f7e8,0x00000000e8e80000)
  to   space 18432K, 0% used [0x00000000eaf00000,0x00000000eaf00000,0x00000000ec100000)
 ParOldGen       total 95744K, used 26346K [0x00000000a0000000, 0x00000000a5d80000, 0x00000000e0000000)
  object space 95744K, 27% used [0x00000000a0000000,0x00000000a19ba8c0,0x00000000a5d80000)
 Metaspace       used 57103K, capacity 59107K, committed 59160K, reserved 1099776K
  class space    used 7841K, capacity 8291K, committed 8320K, reserved 1048576K
Event: 8.908 GC heap after
Heap after GC invocations=14 (full 2):
 PSYoungGen      total 179712K, used 6323K [0x00000000e0000000, 0x00000000ec680000, 0x0000000100000000)
  eden space 161280K, 0% used [0x00000000e0000000,0x00000000e0000000,0x00000000e9d80000)
  from space 18432K, 34% used [0x00000000eaf00000,0x00000000eb52cff0,0x00000000ec100000)
  to   space 17920K, 0% used [0x00000000e9d80000,0x00000000e9d80000,0x00000000eaf00000)
 ParOldGen       total 95744K, used 34076K [0x00000000a0000000, 0x00000000a5d80000, 0x00000000e0000000)
  object space 95744K, 35% used [0x00000000a0000000,0x00000000a2147180,0x00000000a5d80000)
 Metaspace       used 57103K, capacity 59107K, committed 59160K, reserved 1099776K
  class space    used 7841K, capacity 8291K, committed 8320K, reserved 1048576K
}
Event: 8.909 GC heap before
{Heap before GC invocations=15 (full 3):
 PSYoungGen      total 179712K, used 6323K [0x00000000e0000000, 0x00000000ec680000, 0x0000000100000000)
  eden space 161280K, 0% used [0x00000000e0000000,0x00000000e0000000,0x00000000e9d80000)
  from space 18432K, 34% used [0x00000000eaf00000,0x00000000eb52cff0,0x00000000ec100000)
  to   space 17920K, 0% used [0x00000000e9d80000,0x00000000e9d80000,0x00000000eaf00000)
 ParOldGen       total 95744K, used 34076K [0x00000000a0000000, 0x00000000a5d80000, 0x00000000e0000000)
  object space 95744K, 35% used [0x00000000a0000000,0x00000000a2147180,0x00000000a5d80000)
 Metaspace       used 57103K, capacity 59107K, committed 59160K, reserved 1099776K
  class space    used 7841K, capacity 8291K, committed 8320K, reserved 1048576K
Event: 9.277 GC heap after
Heap after GC invocations=15 (full 3):
 PSYoungGen      total 179712K, used 0K [0x00000000e0000000, 0x00000000ec680000, 0x0000000100000000)
  eden space 161280K, 0% used [0x00000000e0000000,0x00000000e0000000,0x00000000e9d80000)
  from space 18432K, 0% used [0x00000000eaf00000,0x00000000eaf00000,0x00000000ec100000)
  to   space 17920K, 0% used [0x00000000e9d80000,0x00000000e9d80000,0x00000000eaf00000)
 ParOldGen       total 151040K, used 35636K [0x00000000a0000000, 0x00000000a9380000, 0x00000000e0000000)
  object space 151040K, 23% used [0x00000000a0000000,0x00000000a22cd118,0x00000000a9380000)
 Metaspace       used 57074K, capacity 59009K, committed 59160K, reserved 1099776K
  class space    used 7833K, capacity 8273K, committed 8320K, reserved 1048576K
}
Event: 11.465 GC heap before
{Heap before GC invocations=16 (full 3):
 PSYoungGen      total 179712K, used 161280K [0x00000000e0000000, 0x00000000ec680000, 0x0000000100000000)
  eden space 161280K, 100% used [0x00000000e0000000,0x00000000e9d80000,0x00000000e9d80000)
  from space 18432K, 0% used [0x00000000eaf00000,0x00000000eaf00000,0x00000000ec100000)
  to   space 17920K, 0% used [0x00000000e9d80000,0x00000000e9d80000,0x00000000eaf00000)
 ParOldGen       total 151040K, used 35636K [0x00000000a0000000, 0x00000000a9380000, 0x00000000e0000000)
  object space 151040K, 23% used [0x00000000a0000000,0x00000000a22cd118,0x00000000a9380000)
 Metaspace       used 62856K, capacity 65463K, committed 65536K, reserved 1105920K
  class space    used 8653K, capacity 9174K, committed 9216K, reserved 1048576K
Event: 11.478 GC heap after
Heap after GC invocations=16 (full 3):
 PSYoungGen      total 179200K, used 12307K [0x00000000e0000000, 0x00000000ed780000, 0x0000000100000000)
  eden space 161280K, 0% used [0x00000000e0000000,0x00000000e0000000,0x00000000e9d80000)
  from space 17920K, 68% used [0x00000000e9d80000,0x00000000ea984e50,0x00000000eaf00000)
  to   space 18432K, 0% used [0x00000000ec580000,0x00000000ec580000,0x00000000ed780000)
 ParOldGen       total 151040K, used 35644K [0x00000000a0000000, 0x00000000a9380000, 0x00000000e0000000)
  object space 151040K, 23% used [0x00000000a0000000,0x00000000a22cf118,0x00000000a9380000)
 Metaspace       used 62856K, capacity 65463K, committed 65536K, reserved 1105920K
  class space    used 8653K, capacity 9174K, committed 9216K, reserved 1048576K
}
Event: 1128.743 GC heap before
{Heap before GC invocations=17 (full 3):
 PSYoungGen      total 179200K, used 173587K [0x00000000e0000000, 0x00000000ed780000, 0x0000000100000000)
  eden space 161280K, 100% used [0x00000000e0000000,0x00000000e9d80000,0x00000000e9d80000)
  from space 17920K, 68% used [0x00000000e9d80000,0x00000000ea984e50,0x00000000eaf00000)
  to   space 18432K, 0% used [0x00000000ec580000,0x00000000ec580000,0x00000000ed780000)
 ParOldGen       total 151040K, used 35644K [0x00000000a0000000, 0x00000000a9380000, 0x00000000e0000000)
  object space 151040K, 23% used [0x00000000a0000000,0x00000000a22cf118,0x00000000a9380000)
 Metaspace       used 69034K, capacity 72079K, committed 72320K, reserved 1112064K
  class space    used 9215K, capacity 9808K, committed 9856K, reserved 1048576K
Event: 1129.035 GC heap after
Heap after GC invocations=17 (full 3):
 PSYoungGen      total 198144K, used 18411K [0x00000000e0000000, 0x00000000ed880000, 0x0000000100000000)
  eden space 179712K, 0% used [0x00000000e0000000,0x00000000e0000000,0x00000000eaf80000)
  from space 18432K, 99% used [0x00000000ec580000,0x00000000ed77acc0,0x00000000ed780000)
  to   space 20992K, 0% used [0x00000000eaf80000,0x00000000eaf80000,0x00000000ec400000)
 ParOldGen       total 151040K, used 35933K [0x00000000a0000000, 0x00000000a9380000, 0x00000000e0000000)
  object space 151040K, 23% used [0x00000000a0000000,0x00000000a23176a8,0x00000000a9380000)
 Metaspace       used 69034K, capacity 72079K, committed 72320K, reserved 1112064K
  class space    used 9215K, capacity 9808K, committed 9856K, reserved 1048576K
}

